<?xml version="1.0" encoding="UTF-8"?>
<testsuite xmlns:xsi="http://www.w3.org/2001/XMLSchema-instance" xsi:noNamespaceSchemaLocation="https://maven.apache.org/surefire/maven-surefire-plugin/xsd/surefire-test-report.xsd" name="OrderValidatorTest" time="0.03" tests="15" errors="0" skipped="0" failures="0">
  <properties>
    <property name="java.specification.version" value="18"/>
    <property name="sun.jnu.encoding" value="UTF-8"/>
    <property name="java.class.path" value="/home/maia/Documents/University/Third Year/Informatics Large Practical/ILP/target/test-classes:/home/maia/Documents/University/Third Year/Informatics Large Practical/ILP/target/classes:/home/maia/.m2/repository/junit/junit/4.13.1/junit-4.13.1.jar:/home/maia/.m2/repository/org/hamcrest/hamcrest-core/1.3/hamcrest-core-1.3.jar:/home/maia/.m2/repository/com/fasterxml/jackson/core/jackson-databind/2.14.1/jackson-databind-2.14.1.jar:/home/maia/.m2/repository/com/fasterxml/jackson/core/jackson-annotations/2.14.1/jackson-annotations-2.14.1.jar:/home/maia/.m2/repository/com/fasterxml/jackson/core/jackson-core/2.14.1/jackson-core-2.14.1.jar:/home/maia/Documents/University/Third Year/Informatics Large Practical/ILP/Libraries/IlpDataObjects.jar:"/>
    <property name="java.vm.vendor" value="Oracle Corporation"/>
    <property name="sun.arch.data.model" value="64"/>
    <property name="java.vendor.url" value="https://java.oracle.com/"/>
    <property name="os.name" value="Linux"/>
    <property name="java.vm.specification.version" value="18"/>
    <property name="sun.java.launcher" value="SUN_STANDARD"/>
    <property name="user.country" value="US"/>
    <property name="sun.boot.library.path" value="/usr/lib/jvm/jdk-18/lib"/>
    <property name="sun.java.command" value="/home/maia/Documents/University/Third Year/Informatics Large Practical/ILP/target/surefire/surefirebooter6461921612075567438.jar /home/maia/Documents/University/Third Year/Informatics Large Practical/ILP/target/surefire 2023-10-15T16-53-03_359-jvmRun1 surefire14423307298163399575tmp surefire_05781746625950860576tmp"/>
    <property name="jdk.debug" value="release"/>
    <property name="surefire.test.class.path" value="/home/maia/Documents/University/Third Year/Informatics Large Practical/ILP/target/test-classes:/home/maia/Documents/University/Third Year/Informatics Large Practical/ILP/target/classes:/home/maia/.m2/repository/junit/junit/4.13.1/junit-4.13.1.jar:/home/maia/.m2/repository/org/hamcrest/hamcrest-core/1.3/hamcrest-core-1.3.jar:/home/maia/.m2/repository/com/fasterxml/jackson/core/jackson-databind/2.14.1/jackson-databind-2.14.1.jar:/home/maia/.m2/repository/com/fasterxml/jackson/core/jackson-annotations/2.14.1/jackson-annotations-2.14.1.jar:/home/maia/.m2/repository/com/fasterxml/jackson/core/jackson-core/2.14.1/jackson-core-2.14.1.jar:/home/maia/Documents/University/Third Year/Informatics Large Practical/ILP/Libraries/IlpDataObjects.jar:"/>
    <property name="sun.cpu.endian" value="little"/>
    <property name="user.home" value="/home/maia"/>
    <property name="user.language" value="en"/>
    <property name="java.specification.vendor" value="Oracle Corporation"/>
    <property name="java.version.date" value="2022-08-18"/>
    <property name="java.home" value="/usr/lib/jvm/jdk-18"/>
    <property name="file.separator" value="/"/>
    <property name="basedir" value="/home/maia/Documents/University/Third Year/Informatics Large Practical/ILP"/>
    <property name="java.vm.compressedOopsMode" value="Zero based"/>
    <property name="line.separator" value="&#10;"/>
    <property name="java.vm.specification.vendor" value="Oracle Corporation"/>
    <property name="java.specification.name" value="Java Platform API Specification"/>
    <property name="surefire.real.class.path" value="/home/maia/Documents/University/Third Year/Informatics Large Practical/ILP/target/surefire/surefirebooter6461921612075567438.jar"/>
    <property name="sun.management.compiler" value="HotSpot 64-Bit Tiered Compilers"/>
    <property name="java.runtime.version" value="18.0.2.1+1-1"/>
    <property name="user.name" value="maia"/>
    <property name="path.separator" value=":"/>
    <property name="os.version" value="6.2.0-34-generic"/>
    <property name="java.runtime.name" value="Java(TM) SE Runtime Environment"/>
    <property name="file.encoding" value="UTF-8"/>
    <property name="java.vm.name" value="Java HotSpot(TM) 64-Bit Server VM"/>
    <property name="localRepository" value="/home/maia/.m2/repository"/>
    <property name="java.vendor.url.bug" value="https://bugreport.java.com/bugreport/"/>
    <property name="java.io.tmpdir" value="/tmp"/>
    <property name="idea.version" value="2023.2.3"/>
    <property name="java.version" value="18.0.2.1"/>
    <property name="user.dir" value="/home/maia/Documents/University/Third Year/Informatics Large Practical/ILP"/>
    <property name="os.arch" value="amd64"/>
    <property name="java.vm.specification.name" value="Java Virtual Machine Specification"/>
    <property name="native.encoding" value="UTF-8"/>
    <property name="java.library.path" value="/usr/java/packages/lib:/usr/lib64:/lib64:/lib:/usr/lib"/>
    <property name="java.vm.info" value="mixed mode, sharing"/>
    <property name="java.vendor" value="Oracle Corporation"/>
    <property name="java.vm.version" value="18.0.2.1+1-1"/>
    <property name="sun.io.unicode.encoding" value="UnicodeLittle"/>
    <property name="java.class.version" value="62.0"/>
  </properties>
  <testcase name="cvvNotNumInvalid" classname="OrderValidatorTest" time="0"/>
  <testcase name="cvvInvalid" classname="OrderValidatorTest" time="0"/>
  <testcase name="cardNotNumInvalid" classname="OrderValidatorTest" time="0"/>
  <testcase name="cardTooShortInvalid" classname="OrderValidatorTest" time="0"/>
  <testcase name="testPizzaUndefined" classname="OrderValidatorTest" time="0.019"/>
  <testcase name="expiryDateMonthInvalid" classname="OrderValidatorTest" time="0.001"/>
  <testcase name="cvvTooShortInvalid" classname="OrderValidatorTest" time="0"/>
  <testcase name="totalIncorrect" classname="OrderValidatorTest" time="0.001"/>
  <testcase name="testUndefined" classname="OrderValidatorTest" time="0.001"/>
  <testcase name="testPizzaMultipleRestaurants" classname="OrderValidatorTest" time="0"/>
  <testcase name="testNoError" classname="OrderValidatorTest" time="0.001"/>
  <testcase name="restaurantClosed" classname="OrderValidatorTest" time="0.001"/>
  <testcase name="cardTooLongInvalid" classname="OrderValidatorTest" time="0"/>
  <testcase name="tooManyPizza" classname="OrderValidatorTest" time="0.003"/>
  <testcase name="expiryDateInvalid" classname="OrderValidatorTest" time="0.001"/>
</testsuite>