<?xml version="1.0" encoding="UTF-8"?>
<testsuite xmlns:xsi="http://www.w3.org/2001/XMLSchema-instance" xsi:noNamespaceSchemaLocation="https://maven.apache.org/surefire/maven-surefire-plugin/xsd/surefire-test-report-3.0.xsd" version="3.0" name="ResultFileHandlerTest" time="33.08" tests="1" errors="0" skipped="0" failures="0">
  <properties>
    <property name="java.specification.version" value="18"/>
    <property name="sun.jnu.encoding" value="UTF-8"/>
    <property name="java.class.path" value="/afs/inf.ed.ac.uk/user/s21/s2142737/IdeaProjects/Informatics-Large-Practical/target/test-classes:/afs/inf.ed.ac.uk/user/s21/s2142737/IdeaProjects/Informatics-Large-Practical/target/classes:/afs/inf.ed.ac.uk/user/s21/s2142737/.m2/repository/junit/junit/4.13.2/junit-4.13.2.jar:/afs/inf.ed.ac.uk/user/s21/s2142737/.m2/repository/org/hamcrest/hamcrest-core/1.3/hamcrest-core-1.3.jar:/afs/inf.ed.ac.uk/user/s21/s2142737/.m2/repository/com/fasterxml/jackson/core/jackson-databind/2.15.3/jackson-databind-2.15.3.jar:/afs/inf.ed.ac.uk/user/s21/s2142737/.m2/repository/com/fasterxml/jackson/core/jackson-annotations/2.15.3/jackson-annotations-2.15.3.jar:/afs/inf.ed.ac.uk/user/s21/s2142737/.m2/repository/com/fasterxml/jackson/core/jackson-core/2.15.3/jackson-core-2.15.3.jar:/afs/inf.ed.ac.uk/user/s21/s2142737/.m2/repository/com/fasterxml/jackson/datatype/jackson-datatype-jsr310/2.15.3/jackson-datatype-jsr310-2.15.3.jar:/afs/inf.ed.ac.uk/user/s21/s2142737/.m2/repository/uk/ac/ed/inf/IlpDataObjects/1.0.0-SNAPSHOT/IlpDataObjects-1.0.0-SNAPSHOT.jar:"/>
    <property name="java.vm.vendor" value="Private Build"/>
    <property name="sun.arch.data.model" value="64"/>
    <property name="java.vendor.url" value="Unknown"/>
    <property name="user.timezone" value="Etc/UTC"/>
    <property name="os.name" value="Linux"/>
    <property name="java.vm.specification.version" value="18"/>
    <property name="sun.java.launcher" value="SUN_STANDARD"/>
    <property name="user.country" value="GB"/>
    <property name="sun.boot.library.path" value="/usr/lib/jvm/java-18-openjdk-amd64/lib"/>
    <property name="sun.java.command" value="/afs/inf.ed.ac.uk/user/s21/s2142737/IdeaProjects/Informatics-Large-Practical/target/surefire/surefirebooter-20231130140942146_3.jar /afs/inf.ed.ac.uk/user/s21/s2142737/IdeaProjects/Informatics-Large-Practical/target/surefire 2023-11-30T14-09-42_106-jvmRun1 surefire-20231130140942146_1tmp surefire_0-20231130140942146_2tmp"/>
    <property name="jdk.debug" value="release"/>
    <property name="surefire.test.class.path" value="/afs/inf.ed.ac.uk/user/s21/s2142737/IdeaProjects/Informatics-Large-Practical/target/test-classes:/afs/inf.ed.ac.uk/user/s21/s2142737/IdeaProjects/Informatics-Large-Practical/target/classes:/afs/inf.ed.ac.uk/user/s21/s2142737/.m2/repository/junit/junit/4.13.2/junit-4.13.2.jar:/afs/inf.ed.ac.uk/user/s21/s2142737/.m2/repository/org/hamcrest/hamcrest-core/1.3/hamcrest-core-1.3.jar:/afs/inf.ed.ac.uk/user/s21/s2142737/.m2/repository/com/fasterxml/jackson/core/jackson-databind/2.15.3/jackson-databind-2.15.3.jar:/afs/inf.ed.ac.uk/user/s21/s2142737/.m2/repository/com/fasterxml/jackson/core/jackson-annotations/2.15.3/jackson-annotations-2.15.3.jar:/afs/inf.ed.ac.uk/user/s21/s2142737/.m2/repository/com/fasterxml/jackson/core/jackson-core/2.15.3/jackson-core-2.15.3.jar:/afs/inf.ed.ac.uk/user/s21/s2142737/.m2/repository/com/fasterxml/jackson/datatype/jackson-datatype-jsr310/2.15.3/jackson-datatype-jsr310-2.15.3.jar:/afs/inf.ed.ac.uk/user/s21/s2142737/.m2/repository/uk/ac/ed/inf/IlpDataObjects/1.0.0-SNAPSHOT/IlpDataObjects-1.0.0-SNAPSHOT.jar:"/>
    <property name="sun.cpu.endian" value="little"/>
    <property name="user.home" value="/afs/inf.ed.ac.uk/user/s21/s2142737"/>
    <property name="user.language" value="en"/>
    <property name="java.specification.vendor" value="Oracle Corporation"/>
    <property name="java.version.date" value="2022-07-19"/>
    <property name="java.home" value="/usr/lib/jvm/java-18-openjdk-amd64"/>
    <property name="file.separator" value="/"/>
    <property name="basedir" value="/afs/inf.ed.ac.uk/user/s21/s2142737/IdeaProjects/Informatics-Large-Practical"/>
    <property name="java.vm.compressedOopsMode" value="Zero based"/>
    <property name="line.separator" value="&#10;"/>
    <property name="java.vm.specification.vendor" value="Oracle Corporation"/>
    <property name="java.specification.name" value="Java Platform API Specification"/>
    <property name="surefire.real.class.path" value="/afs/inf.ed.ac.uk/user/s21/s2142737/IdeaProjects/Informatics-Large-Practical/target/surefire/surefirebooter-20231130140942146_3.jar"/>
    <property name="sun.management.compiler" value="HotSpot 64-Bit Tiered Compilers"/>
    <property name="java.runtime.version" value="18.0.2-ea+9-Ubuntu-222.04"/>
    <property name="user.name" value="s2142737"/>
    <property name="path.separator" value=":"/>
    <property name="os.version" value="5.15.0-76-generic"/>
    <property name="java.runtime.name" value="OpenJDK Runtime Environment"/>
    <property name="file.encoding" value="UTF-8"/>
    <property name="java.vm.name" value="OpenJDK 64-Bit Server VM"/>
    <property name="localRepository" value="/afs/inf.ed.ac.uk/user/s21/s2142737/.m2/repository"/>
    <property name="java.vendor.url.bug" value="Unknown"/>
    <property name="java.io.tmpdir" value="/tmp"/>
    <property name="java.version" value="18.0.2-ea"/>
    <property name="user.dir" value="/afs/inf.ed.ac.uk/user/s21/s2142737/IdeaProjects/Informatics-Large-Practical"/>
    <property name="os.arch" value="amd64"/>
    <property name="java.vm.specification.name" value="Java Virtual Machine Specification"/>
    <property name="native.encoding" value="UTF-8"/>
    <property name="java.library.path" value="/usr/java/packages/lib:/usr/lib/x86_64-linux-gnu/jni:/lib/x86_64-linux-gnu:/usr/lib/x86_64-linux-gnu:/usr/lib/jni:/lib:/usr/lib"/>
    <property name="java.vm.info" value="mixed mode, sharing"/>
    <property name="java.vendor" value="Private Build"/>
    <property name="java.vm.version" value="18.0.2-ea+9-Ubuntu-222.04"/>
    <property name="sun.io.unicode.encoding" value="UnicodeLittle"/>
    <property name="java.class.version" value="62.0"/>
  </properties>
  <testcase name="testALLFlightPathFile" classname="ResultFileHandlerTest" time="33.078">
    <system-out><![CDATA[read all actual orders
read the central area
read the no fly zones
Finding flightpath for Order No: 7E814B50
...finding a path...
Finding flightpath for Order No: 10F2D265
...finding a path...
Finding flightpath for Order No: 50D76A69
...finding a path...
Finding flightpath for Order No: 011D3821
...finding a path...
Finding flightpath for Order No: 1AC411A5
Finding flightpath for Order No: 20EF9422
Finding flightpath for Order No: 721972A2
Finding flightpath for Order No: 3DF5A55B
Finding flightpath for Order No: 603344AC
Finding flightpath for Order No: 58143EA6
Finding flightpath for Order No: 33728C92
Finding flightpath for Order No: 6BB84C12
Finding flightpath for Order No: 72AB194E
Finding flightpath for Order No: 7E659886
Finding flightpath for Order No: 0ADADC0F
Finding flightpath for Order No: 3B49498B
Finding flightpath for Order No: 7D5B9671
Finding flightpath for Order No: 5E6437DA
Finding flightpath for Order No: 083ADEB0
Finding flightpath for Order No: 5A82F0CD
Finding flightpath for Order No: 3B3373FA
Finding flightpath for Order No: 3D084FC6
Finding flightpath for Order No: 22FF7FEE
Finding flightpath for Order No: 4B7BFACA
Finding flightpath for Order No: 08828002
Finding flightpath for Order No: 2238789D
Finding flightpath for Order No: 47503445
Finding flightpath for Order No: 6205C656
Finding flightpath for Order No: 5ED21275
Finding flightpath for Order No: 324ACA43
Finding flightpath for Order No: 4CFACE94
Finding flightpath for Order No: 25A259FC
Finding flightpath for Order No: 16EDBEBC
Finding flightpath for Order No: 6D8377D8
Finding flightpath for Order No: 4280AF77
Finding flightpath for Order No: 6B135CFC
Finding flightpath for Order No: 767E7BB7
Finding flightpath for Order No: 26286120
Finding flightpath for Order No: 2C2A7B7D
Finding flightpath for Order No: 3E268761
Finding flightpath for Order No: 156B7837
Finding flightpath for Order No: 354D4E47
Finding flightpath for Order No: 40858A78
Finding flightpath for Order No: 0D116C36
Finding flightpath for Order No: 5DF89740
Finding flightpath for Order No: 34E660F3
Finding flightpath for Order No: 64F64270
Finding flightpath for Order No: 3573D953
Finding flightpath for Order No: 5FFF420A
Finding flightpath for Order No: 5E3EDDE3
Finding flightpath for Order No: 16B81847
Finding flightpath for Order No: 16F67F33
Finding flightpath for Order No: 52CDF09A
Finding flightpath for Order No: 2D39AFE4
Finding flightpath for Order No: 29C0C31B
Finding flightpath for Order No: 040269D2
Finding flightpath for Order No: 4D4A1256
Finding flightpath for Order No: 5D236203
GeoJSON file created.
]]></system-out>
  </testcase>
</testsuite>