<?xml version="1.0" encoding="UTF-8"?>
<testsuite xmlns:xsi="http://www.w3.org/2001/XMLSchema-instance" xsi:noNamespaceSchemaLocation="https://maven.apache.org/surefire/maven-surefire-plugin/xsd/surefire-test-report-3.0.xsd" version="3.0" name="LngLatHandlerTest" time="0.002" tests="10" errors="0" skipped="0" failures="0">
  <properties>
    <property name="java.specification.version" value="18"/>
    <property name="sun.jnu.encoding" value="UTF-8"/>
    <property name="java.class.path" value="/home/maia/Documents/University/Third Year/Informatics Large Practical/ILP/target/test-classes:/home/maia/Documents/University/Third Year/Informatics Large Practical/ILP/target/classes:/home/maia/.m2/repository/junit/junit/4.13.2/junit-4.13.2.jar:/home/maia/.m2/repository/org/hamcrest/hamcrest-core/1.3/hamcrest-core-1.3.jar:/home/maia/.m2/repository/com/fasterxml/jackson/core/jackson-databind/2.15.3/jackson-databind-2.15.3.jar:/home/maia/.m2/repository/com/fasterxml/jackson/core/jackson-annotations/2.15.3/jackson-annotations-2.15.3.jar:/home/maia/.m2/repository/com/fasterxml/jackson/core/jackson-core/2.15.3/jackson-core-2.15.3.jar:/home/maia/.m2/repository/com/fasterxml/jackson/datatype/jackson-datatype-jsr310/2.15.3/jackson-datatype-jsr310-2.15.3.jar:/home/maia/.m2/repository/uk/ac/ed/inf/IlpDataObjects/1.0.0-SNAPSHOT/IlpDataObjects-1.0.0-SNAPSHOT.jar:"/>
    <property name="java.vm.vendor" value="Oracle Corporation"/>
    <property name="sun.arch.data.model" value="64"/>
    <property name="java.vendor.url" value="https://java.oracle.com/"/>
    <property name="user.timezone" value="Europe/London"/>
    <property name="os.name" value="Linux"/>
    <property name="java.vm.specification.version" value="18"/>
    <property name="sun.java.launcher" value="SUN_STANDARD"/>
    <property name="user.country" value="US"/>
    <property name="sun.boot.library.path" value="/usr/lib/jvm/jdk-18/lib"/>
    <property name="sun.java.command" value="/home/maia/Documents/University/Third Year/Informatics Large Practical/ILP/target/surefire/surefirebooter-20231118165707422_3.jar /home/maia/Documents/University/Third Year/Informatics Large Practical/ILP/target/surefire 2023-11-18T16-57-07_314-jvmRun1 surefire-20231118165707422_1tmp surefire_0-20231118165707422_2tmp"/>
    <property name="jdk.debug" value="release"/>
    <property name="surefire.test.class.path" value="/home/maia/Documents/University/Third Year/Informatics Large Practical/ILP/target/test-classes:/home/maia/Documents/University/Third Year/Informatics Large Practical/ILP/target/classes:/home/maia/.m2/repository/junit/junit/4.13.2/junit-4.13.2.jar:/home/maia/.m2/repository/org/hamcrest/hamcrest-core/1.3/hamcrest-core-1.3.jar:/home/maia/.m2/repository/com/fasterxml/jackson/core/jackson-databind/2.15.3/jackson-databind-2.15.3.jar:/home/maia/.m2/repository/com/fasterxml/jackson/core/jackson-annotations/2.15.3/jackson-annotations-2.15.3.jar:/home/maia/.m2/repository/com/fasterxml/jackson/core/jackson-core/2.15.3/jackson-core-2.15.3.jar:/home/maia/.m2/repository/com/fasterxml/jackson/datatype/jackson-datatype-jsr310/2.15.3/jackson-datatype-jsr310-2.15.3.jar:/home/maia/.m2/repository/uk/ac/ed/inf/IlpDataObjects/1.0.0-SNAPSHOT/IlpDataObjects-1.0.0-SNAPSHOT.jar:"/>
    <property name="sun.cpu.endian" value="little"/>
    <property name="user.home" value="/home/maia"/>
    <property name="user.language" value="en"/>
    <property name="java.specification.vendor" value="Oracle Corporation"/>
    <property name="java.version.date" value="2022-08-18"/>
    <property name="java.home" value="/usr/lib/jvm/jdk-18"/>
    <property name="file.separator" value="/"/>
    <property name="basedir" value="/home/maia/Documents/University/Third Year/Informatics Large Practical/ILP"/>
    <property name="java.vm.compressedOopsMode" value="Zero based"/>
    <property name="line.separator" value="&#10;"/>
    <property name="java.vm.specification.vendor" value="Oracle Corporation"/>
    <property name="java.specification.name" value="Java Platform API Specification"/>
    <property name="surefire.real.class.path" value="/home/maia/Documents/University/Third Year/Informatics Large Practical/ILP/target/surefire/surefirebooter-20231118165707422_3.jar"/>
    <property name="sun.management.compiler" value="HotSpot 64-Bit Tiered Compilers"/>
    <property name="java.runtime.version" value="18.0.2.1+1-1"/>
    <property name="user.name" value="maia"/>
    <property name="path.separator" value=":"/>
    <property name="os.version" value="6.2.0-36-generic"/>
    <property name="java.runtime.name" value="Java(TM) SE Runtime Environment"/>
    <property name="file.encoding" value="UTF-8"/>
    <property name="java.vm.name" value="Java HotSpot(TM) 64-Bit Server VM"/>
    <property name="localRepository" value="/home/maia/.m2/repository"/>
    <property name="java.vendor.url.bug" value="https://bugreport.java.com/bugreport/"/>
    <property name="java.io.tmpdir" value="/tmp"/>
    <property name="java.version" value="18.0.2.1"/>
    <property name="user.dir" value="/home/maia/Documents/University/Third Year/Informatics Large Practical/ILP"/>
    <property name="os.arch" value="amd64"/>
    <property name="java.vm.specification.name" value="Java Virtual Machine Specification"/>
    <property name="native.encoding" value="UTF-8"/>
    <property name="java.library.path" value="/usr/java/packages/lib:/usr/lib64:/lib64:/lib:/usr/lib"/>
    <property name="java.vm.info" value="mixed mode, sharing"/>
    <property name="java.vendor" value="Oracle Corporation"/>
    <property name="java.vm.version" value="18.0.2.1+1-1"/>
    <property name="sun.io.unicode.encoding" value="UnicodeLittle"/>
    <property name="java.class.version" value="62.0"/>
  </properties>
  <testcase name="testDistanceIsZero" classname="LngLatHandlerTest" time="0.0"/>
  <testcase name="isNotInRegion" classname="LngLatHandlerTest" time="0.0"/>
  <testcase name="isAlmostCloseTo" classname="LngLatHandlerTest" time="0.0"/>
  <testcase name="nextPosition" classname="LngLatHandlerTest" time="0.0"/>
  <testcase name="isCloseTo" classname="LngLatHandlerTest" time="0.0"/>
  <testcase name="testInRegion" classname="LngLatHandlerTest" time="0.0"/>
  <testcase name="isOnRegionLine" classname="LngLatHandlerTest" time="0.0"/>
  <testcase name="isJustCloseTo" classname="LngLatHandlerTest" time="0.0"/>
  <testcase name="testDistanceTo" classname="LngLatHandlerTest" time="0.0"/>
  <testcase name="isNotCloseTo" classname="LngLatHandlerTest" time="0.0"/>
</testsuite>