<?xml version="1.0" encoding="UTF-8"?>
<testsuite xmlns:xsi="http://www.w3.org/2001/XMLSchema-instance" xsi:noNamespaceSchemaLocation="https://maven.apache.org/surefire/maven-surefire-plugin/xsd/surefire-test-report.xsd" name="RestClientTest" time="0.922" tests="2" errors="0" skipped="0" failures="0">
  <properties>
    <property name="java.specification.version" value="18"/>
    <property name="sun.jnu.encoding" value="UTF-8"/>
    <property name="java.class.path" value="/afs/inf.ed.ac.uk/user/s21/s2142737/IdeaProjects/Informatics-Large-Practical/target/test-classes:/afs/inf.ed.ac.uk/user/s21/s2142737/IdeaProjects/Informatics-Large-Practical/target/classes:/afs/inf.ed.ac.uk/user/s21/s2142737/.m2/repository/junit/junit/4.13.1/junit-4.13.1.jar:/afs/inf.ed.ac.uk/user/s21/s2142737/.m2/repository/org/hamcrest/hamcrest-core/1.3/hamcrest-core-1.3.jar:/afs/inf.ed.ac.uk/user/s21/s2142737/.m2/repository/com/fasterxml/jackson/core/jackson-databind/2.15.3/jackson-databind-2.15.3.jar:/afs/inf.ed.ac.uk/user/s21/s2142737/.m2/repository/com/fasterxml/jackson/core/jackson-annotations/2.15.3/jackson-annotations-2.15.3.jar:/afs/inf.ed.ac.uk/user/s21/s2142737/.m2/repository/com/fasterxml/jackson/core/jackson-core/2.15.3/jackson-core-2.15.3.jar:/afs/inf.ed.ac.uk/user/s21/s2142737/.m2/repository/com/fasterxml/jackson/datatype/jackson-datatype-jsr310/2.15.3/jackson-datatype-jsr310-2.15.3.jar:/afs/inf.ed.ac.uk/user/s21/s2142737/.m2/repository/uk/ac/ed/inf/IlpDataObjects/1.0.0-SNAPSHOT/IlpDataObjects-1.0.0-SNAPSHOT.jar:"/>
    <property name="java.vm.vendor" value="Private Build"/>
    <property name="sun.arch.data.model" value="64"/>
    <property name="java.vendor.url" value="Unknown"/>
    <property name="os.name" value="Linux"/>
    <property name="java.vm.specification.version" value="18"/>
    <property name="sun.java.launcher" value="SUN_STANDARD"/>
    <property name="user.country" value="GB"/>
    <property name="sun.boot.library.path" value="/usr/lib/jvm/java-18-openjdk-amd64/lib"/>
    <property name="sun.java.command" value="/afs/inf.ed.ac.uk/user/s21/s2142737/IdeaProjects/Informatics-Large-Practical/target/surefire/surefirebooter15800544661329152208.jar /afs/inf.ed.ac.uk/user/s21/s2142737/IdeaProjects/Informatics-Large-Practical/target/surefire 2023-11-17T16-09-30_205-jvmRun1 surefire2218207222831804020tmp surefire_01248824878665581760tmp"/>
    <property name="jdk.debug" value="release"/>
    <property name="surefire.test.class.path" value="/afs/inf.ed.ac.uk/user/s21/s2142737/IdeaProjects/Informatics-Large-Practical/target/test-classes:/afs/inf.ed.ac.uk/user/s21/s2142737/IdeaProjects/Informatics-Large-Practical/target/classes:/afs/inf.ed.ac.uk/user/s21/s2142737/.m2/repository/junit/junit/4.13.1/junit-4.13.1.jar:/afs/inf.ed.ac.uk/user/s21/s2142737/.m2/repository/org/hamcrest/hamcrest-core/1.3/hamcrest-core-1.3.jar:/afs/inf.ed.ac.uk/user/s21/s2142737/.m2/repository/com/fasterxml/jackson/core/jackson-databind/2.15.3/jackson-databind-2.15.3.jar:/afs/inf.ed.ac.uk/user/s21/s2142737/.m2/repository/com/fasterxml/jackson/core/jackson-annotations/2.15.3/jackson-annotations-2.15.3.jar:/afs/inf.ed.ac.uk/user/s21/s2142737/.m2/repository/com/fasterxml/jackson/core/jackson-core/2.15.3/jackson-core-2.15.3.jar:/afs/inf.ed.ac.uk/user/s21/s2142737/.m2/repository/com/fasterxml/jackson/datatype/jackson-datatype-jsr310/2.15.3/jackson-datatype-jsr310-2.15.3.jar:/afs/inf.ed.ac.uk/user/s21/s2142737/.m2/repository/uk/ac/ed/inf/IlpDataObjects/1.0.0-SNAPSHOT/IlpDataObjects-1.0.0-SNAPSHOT.jar:"/>
    <property name="sun.cpu.endian" value="little"/>
    <property name="user.home" value="/afs/inf.ed.ac.uk/user/s21/s2142737"/>
    <property name="user.language" value="en"/>
    <property name="java.specification.vendor" value="Oracle Corporation"/>
    <property name="java.version.date" value="2022-07-19"/>
    <property name="java.home" value="/usr/lib/jvm/java-18-openjdk-amd64"/>
    <property name="file.separator" value="/"/>
    <property name="basedir" value="/afs/inf.ed.ac.uk/user/s21/s2142737/IdeaProjects/Informatics-Large-Practical"/>
    <property name="java.vm.compressedOopsMode" value="Zero based"/>
    <property name="line.separator" value="&#10;"/>
    <property name="java.vm.specification.vendor" value="Oracle Corporation"/>
    <property name="java.specification.name" value="Java Platform API Specification"/>
    <property name="surefire.real.class.path" value="/afs/inf.ed.ac.uk/user/s21/s2142737/IdeaProjects/Informatics-Large-Practical/target/surefire/surefirebooter15800544661329152208.jar"/>
    <property name="sun.management.compiler" value="HotSpot 64-Bit Tiered Compilers"/>
    <property name="java.runtime.version" value="18.0.2-ea+9-Ubuntu-222.04"/>
    <property name="user.name" value="s2142737"/>
    <property name="path.separator" value=":"/>
    <property name="os.version" value="5.15.0-76-generic"/>
    <property name="java.runtime.name" value="OpenJDK Runtime Environment"/>
    <property name="file.encoding" value="UTF-8"/>
    <property name="java.vm.name" value="OpenJDK 64-Bit Server VM"/>
    <property name="localRepository" value="/afs/inf.ed.ac.uk/user/s21/s2142737/.m2/repository"/>
    <property name="java.vendor.url.bug" value="Unknown"/>
    <property name="java.io.tmpdir" value="/tmp"/>
    <property name="java.version" value="18.0.2-ea"/>
    <property name="user.dir" value="/afs/inf.ed.ac.uk/user/s21/s2142737/IdeaProjects/Informatics-Large-Practical"/>
    <property name="os.arch" value="amd64"/>
    <property name="java.vm.specification.name" value="Java Virtual Machine Specification"/>
    <property name="native.encoding" value="UTF-8"/>
    <property name="java.library.path" value="/usr/java/packages/lib:/usr/lib/x86_64-linux-gnu/jni:/lib/x86_64-linux-gnu:/usr/lib/x86_64-linux-gnu:/usr/lib/jni:/lib:/usr/lib"/>
    <property name="java.vm.info" value="mixed mode, sharing"/>
    <property name="java.vendor" value="Private Build"/>
    <property name="java.vm.version" value="18.0.2-ea+9-Ubuntu-222.04"/>
    <property name="sun.io.unicode.encoding" value="UnicodeLittle"/>
    <property name="java.class.version" value="62.0"/>
  </properties>
  <testcase name="testGetRestaurants" classname="RestClientTest" time="0.445"/>
  <testcase name="testGetOrders" classname="RestClientTest" time="0.456"/>
</testsuite>